<?xml version="1.0" encoding="UTF-8"?>
<!-- Generated by org.testng.reporters.JUnitXMLReporter -->
<testsuite ignored="0" hostname="Vaishking" failures="0" tests="2" name="Surefire test" time="26.234" errors="0" timestamp="2022-07-25T15:24:19 IST">
  <testcase classname="TestVagrant.Pushpa_The_Rise.TestPusha_The_Rise" name="GetCountryofOrigin" time="0.047"/>
  <testcase classname="TestVagrant.Pushpa_The_Rise.TestPusha_The_Rise" name="GetReleaseDate" time="0.082"/>
</testsuite> <!-- Surefire test -->
