<?xml version="1.0" encoding="UTF-8"?>
<!-- Generated by org.testng.reporters.JUnitXMLReporter -->
<testsuite ignored="0" hostname="Vaishking" failures="0" tests="2" name="MovieDetails" time="25.828" errors="0" timestamp="25 Jul 2022 09:51:31 GMT">
  <testcase classname="TestVagrant.Pushpa_The_Rise.TestPusha_The_Rise" name="GetCountryofOrigin" time="0.077"/>
  <testcase classname="TestVagrant.Pushpa_The_Rise.TestPusha_The_Rise" name="GetReleaseDate" time="0.037"/>
</testsuite> <!-- MovieDetails -->
