<?xml version="1.0" encoding="UTF-8"?>
<!-- Generated by org.testng.reporters.JUnitXMLReporter -->
<testsuite ignored="0" hostname="Vaishking" failures="0" tests="2" name="Default test" time="19.314" errors="0" timestamp="25 Jul 2022 09:41:32 GMT">
  <testcase classname="TestVagrant.Pushpa_The_Rise.TestPusha_The_Rise" name="GetCountryofOrigin" time="0.037"/>
  <testcase classname="TestVagrant.Pushpa_The_Rise.TestPusha_The_Rise" name="GetReleaseDate" time="0.198"/>
</testsuite> <!-- Default test -->
