<?xml version="1.0" encoding="UTF-8"?>
<testng-results ignored="0" total="2" passed="2" failed="0" skipped="0">
  <reporter-output>
  </reporter-output>
  <suite started-at="2022-07-25T09:51:04Z" name="Suite" finished-at="2022-07-25T09:51:30Z" duration-ms="25828">
    <groups>
    </groups>
    <test started-at="2022-07-25T09:51:04Z" name="MovieDetails" finished-at="2022-07-25T09:51:30Z" duration-ms="25828">
      <class name="TestVagrant.Pushpa_The_Rise.TestPusha_The_Rise">
        <test-method is-config="true" signature="NavigatetoWebsite()[pri:0, instance:TestVagrant.Pushpa_The_Rise.TestPusha_The_Rise@3c130745]" started-at="2022-07-25T09:51:04Z" name="NavigatetoWebsite" finished-at="2022-07-25T09:51:29Z" duration-ms="25039" status="PASS">
          <reporter-output>
          </reporter-output>
        </test-method> <!-- NavigatetoWebsite -->
        <test-method signature="GetCountryofOrigin()[pri:0, instance:TestVagrant.Pushpa_The_Rise.TestPusha_The_Rise@3c130745]" started-at="2022-07-25T09:51:29Z" name="GetCountryofOrigin" finished-at="2022-07-25T09:51:30Z" duration-ms="77" status="PASS">
          <reporter-output>
          </reporter-output>
        </test-method> <!-- GetCountryofOrigin -->
        <test-method signature="GetReleaseDate()[pri:0, instance:TestVagrant.Pushpa_The_Rise.TestPusha_The_Rise@3c130745]" started-at="2022-07-25T09:51:30Z" name="GetReleaseDate" finished-at="2022-07-25T09:51:30Z" duration-ms="37" status="PASS">
          <reporter-output>
          </reporter-output>
        </test-method> <!-- GetReleaseDate -->
        <test-method is-config="true" signature="quit()[pri:0, instance:TestVagrant.Pushpa_The_Rise.TestPusha_The_Rise@3c130745]" started-at="2022-07-25T09:51:30Z" name="quit" finished-at="2022-07-25T09:51:30Z" duration-ms="595" status="PASS">
          <reporter-output>
          </reporter-output>
        </test-method> <!-- quit -->
      </class> <!-- TestVagrant.Pushpa_The_Rise.TestPusha_The_Rise -->
    </test> <!-- MovieDetails -->
  </suite> <!-- Suite -->
</testng-results>
